<?xml version="1.0" encoding="UTF-8"?>
<!-- Generated by org.testng.reporters.JUnitReportReporter -->
<testsuite hostname="DESKTOP-KMN6TAK" failures="0" tests="1" name="runner.PendingSPVRunner" time="39.683" errors="0" timestamp="2022-07-13T10:42:03 ICT" skipped="0">
  <testcase classname="runner.PendingSPVRunner" name="runScenario" time="39.683"/>
  <system-out/>
</testsuite> <!-- runner.PendingSPVRunner -->
