<?xml version="1.0" encoding="UTF-8"?>
<!-- Generated by org.testng.reporters.JUnitReportReporter -->
<testsuite hostname="DESKTOP-S76SA9N" failures="0" tests="2" name="runner.HRISPagePengajuanRunner" time="27.163" errors="0" timestamp="2022-07-04T15:17:02 ICT" skipped="0">
  <testcase classname="runner.HRISPagePengajuanRunner" name="runScenario" time="13.727"/>
  <system-out/>
  <testcase classname="runner.HRISPagePengajuanRunner" name="runScenario" time="13.436"/>
  <system-out/>
</testsuite> <!-- runner.HRISPagePengajuanRunner -->
