<?xml version="1.0" encoding="UTF-8"?>
<!-- Generated by org.testng.reporters.JUnitReportReporter -->
<testsuite hostname="DESKTOP-S76SA9N" failures="0" tests="6" name="runner.HRISLoginRunner" time="63.221" errors="0" timestamp="2022-07-04T15:24:29 ICT" skipped="0">
  <testcase classname="runner.HRISLoginRunner" name="runScenario" time="19.960"/>
  <system-out/>
  <testcase classname="runner.HRISLoginRunner" name="runScenario" time="8.609"/>
  <system-out/>
  <testcase classname="runner.HRISLoginRunner" name="runScenario" time="8.150"/>
  <system-out/>
  <testcase classname="runner.HRISLoginRunner" name="runScenario" time="8.899"/>
  <system-out/>
  <testcase classname="runner.HRISLoginRunner" name="runScenario" time="8.839"/>
  <system-out/>
  <testcase classname="runner.HRISLoginRunner" name="runScenario" time="8.764"/>
  <system-out/>
</testsuite> <!-- runner.HRISLoginRunner -->
