<?xml version="1.0" encoding="UTF-8"?>
<!-- Generated by org.testng.reporters.JUnitReportReporter -->
<testsuite hostname="DESKTOP-KMN6TAK" failures="7" tests="47" name="runner.HRISPendingSpvRunner" time="1218.734" errors="0" timestamp="2022-07-15T07:19:48 ICT" skipped="0">
  <testcase classname="runner.HRISPendingSpvRunner" name="runScenario" time="30.121"/>
  <system-out/>
  <testcase classname="runner.HRISPendingSpvRunner" name="runScenario" time="26.919"/>
  <system-out/>
  <testcase classname="runner.HRISPendingSpvRunner" name="runScenario" time="20.460"/>
  <system-out/>
  <testcase classname="runner.HRISPendingSpvRunner" name="runScenario" time="29.246"/>
  <system-out/>
  <testcase classname="runner.HRISPendingSpvRunner" name="runScenario" time="11.286"/>
  <system-out/>
  <testcase classname="runner.HRISPendingSpvRunner" name="runScenario" time="28.871"/>
  <system-out/>
  <testcase classname="runner.HRISPendingSpvRunner" name="runScenario" time="21.659"/>
  <system-out/>
  <testcase classname="runner.HRISPendingSpvRunner" name="runScenario" time="32.078"/>
  <system-out/>
  <testcase classname="runner.HRISPendingSpvRunner" name="runScenario" time="29.624"/>
  <system-out/>
  <testcase classname="runner.HRISPendingSpvRunner" name="runScenario" time="30.945"/>
  <system-out/>
  <testcase classname="runner.HRISPendingSpvRunner" name="runScenario" time="29.730"/>
  <system-out/>
  <testcase classname="runner.HRISPendingSpvRunner" name="runScenario" time="29.380"/>
  <system-out/>
  <testcase classname="runner.HRISPendingSpvRunner" name="runScenario" time="15.870"/>
  <system-out/>
  <testcase classname="runner.HRISPendingSpvRunner" name="runScenario" time="37.298"/>
  <system-out/>
  <testcase classname="runner.HRISPendingSpvRunner" name="runScenario" time="12.100">
    <failure message="expected [Karyawan ini sudah pernah diganti. Mohon ajukan karyawan yang lain.] but found [Alert is Not Displayed]" type="java.lang.AssertionError">
      <![CDATA[java.lang.AssertionError: expected [Karyawan ini sudah pernah diganti. Mohon ajukan karyawan yang lain.] but found [Alert is Not Displayed]
at org.testng.Assert.fail(Assert.java:110)
at org.testng.Assert.failNotEquals(Assert.java:1413)
at org.testng.Assert.assertEqualsImpl(Assert.java:149)
at org.testng.Assert.assertEquals(Assert.java:131)
at org.testng.Assert.assertEquals(Assert.java:655)
at org.testng.Assert.assertEquals(Assert.java:665)
at definitions.RequestStaff.PendingSPVDefine.Nikterdaftar(PendingSPVDefine.java:204)
at ✽.User input tujuan, NIK D6180209, posisi, jumlah orang 1, mulai kerja, lokasi kerja, kota kerja, input detail lokasi Jl. Satu Dua, deskripsi pekerjaan test(file:///D:/2022/eclipse-workspace/hris-employee/src/test/resources/features/HRISPendingSPV.feature:360)
]]>
    </failure>
  </testcase> <!-- runScenario -->
  <system-out/>
  <testcase classname="runner.HRISPendingSpvRunner" name="runScenario" time="27.447"/>
  <system-out/>
  <testcase classname="runner.HRISPendingSpvRunner" name="runScenario" time="29.520"/>
  <system-out/>
  <testcase classname="runner.HRISPendingSpvRunner" name="runScenario" time="29.340"/>
  <system-out/>
  <testcase classname="runner.HRISPendingSpvRunner" name="runScenario" time="13.053">
    <failure message="expected [Karyawan ini sudah pernah diganti. Mohon ajukan karyawan yang lain.] but found [Alert is Not Displayed]" type="java.lang.AssertionError">
      <![CDATA[java.lang.AssertionError: expected [Karyawan ini sudah pernah diganti. Mohon ajukan karyawan yang lain.] but found [Alert is Not Displayed]
at org.testng.Assert.fail(Assert.java:110)
at org.testng.Assert.failNotEquals(Assert.java:1413)
at org.testng.Assert.assertEqualsImpl(Assert.java:149)
at org.testng.Assert.assertEquals(Assert.java:131)
at org.testng.Assert.assertEquals(Assert.java:655)
at org.testng.Assert.assertEquals(Assert.java:665)
at definitions.RequestStaff.PendingSPVDefine.Nikterdaftar(PendingSPVDefine.java:204)
at ✽.User input tujuan, NIK D6180209, posisi, jumlah orang 1, mulai kerja, lokasi kerja, kota kerja, input detail lokasi Jl. Satu Dua, deskripsi pekerjaan test(file:///D:/2022/eclipse-workspace/hris-employee/src/test/resources/features/HRISPendingSPV.feature:531)
]]>
    </failure>
  </testcase> <!-- runScenario -->
  <system-out/>
  <testcase classname="runner.HRISPendingSpvRunner" name="runScenario" time="13.603">
    <failure message="expected [Karyawan ini sudah pernah diganti. Mohon ajukan karyawan yang lain.] but found [Alert is Not Displayed]" type="java.lang.AssertionError">
      <![CDATA[java.lang.AssertionError: expected [Karyawan ini sudah pernah diganti. Mohon ajukan karyawan yang lain.] but found [Alert is Not Displayed]
at org.testng.Assert.fail(Assert.java:110)
at org.testng.Assert.failNotEquals(Assert.java:1413)
at org.testng.Assert.assertEqualsImpl(Assert.java:149)
at org.testng.Assert.assertEquals(Assert.java:131)
at org.testng.Assert.assertEquals(Assert.java:655)
at org.testng.Assert.assertEquals(Assert.java:665)
at definitions.RequestStaff.PendingSPVDefine.Nikterdaftar(PendingSPVDefine.java:204)
at ✽.User input tujuan, NIK D6180209, posisi, jumlah orang 1, mulai kerja, lokasi kerja, kota kerja, input detail lokasi Jl. Satu Dua, deskripsi pekerjaan test(file:///D:/2022/eclipse-workspace/hris-employee/src/test/resources/features/HRISPendingSPV.feature:312)
]]>
    </failure>
  </testcase> <!-- runScenario -->
  <system-out/>
  <testcase classname="runner.HRISPendingSpvRunner" name="runScenario" time="27.788"/>
  <system-out/>
  <testcase classname="runner.HRISPendingSpvRunner" name="runScenario" time="26.891"/>
  <system-out/>
  <testcase classname="runner.HRISPendingSpvRunner" name="runScenario" time="29.832"/>
  <system-out/>
  <testcase classname="runner.HRISPendingSpvRunner" name="runScenario" time="29.780"/>
  <system-out/>
  <testcase classname="runner.HRISPendingSpvRunner" name="runScenario" time="13.003">
    <failure message="expected [Karyawan ini sudah pernah diganti. Mohon ajukan karyawan yang lain.] but found [Alert is Not Displayed]" type="java.lang.AssertionError">
      <![CDATA[java.lang.AssertionError: expected [Karyawan ini sudah pernah diganti. Mohon ajukan karyawan yang lain.] but found [Alert is Not Displayed]
at org.testng.Assert.fail(Assert.java:110)
at org.testng.Assert.failNotEquals(Assert.java:1413)
at org.testng.Assert.assertEqualsImpl(Assert.java:149)
at org.testng.Assert.assertEquals(Assert.java:131)
at org.testng.Assert.assertEquals(Assert.java:655)
at org.testng.Assert.assertEquals(Assert.java:665)
at definitions.RequestStaff.PendingSPVDefine.Nikterdaftar(PendingSPVDefine.java:204)
at ✽.User input tujuan, NIK D6180209, posisi, jumlah orang 1, mulai kerja, lokasi kerja, kota kerja, input detail lokasi Jl. Satu Dua, deskripsi pekerjaan test(file:///D:/2022/eclipse-workspace/hris-employee/src/test/resources/features/HRISPendingSPV.feature:225)
]]>
    </failure>
  </testcase> <!-- runScenario -->
  <system-out/>
  <testcase classname="runner.HRISPendingSpvRunner" name="runScenario" time="30.124"/>
  <system-out/>
  <testcase classname="runner.HRISPendingSpvRunner" name="runScenario" time="31.639"/>
  <system-out/>
  <testcase classname="runner.HRISPendingSpvRunner" name="runScenario" time="26.883"/>
  <system-out/>
  <testcase classname="runner.HRISPendingSpvRunner" name="runScenario" time="27.597"/>
  <system-out/>
  <testcase classname="runner.HRISPendingSpvRunner" name="runScenario" time="29.696"/>
  <system-out/>
  <testcase classname="runner.HRISPendingSpvRunner" name="runScenario" time="29.743"/>
  <system-out/>
  <testcase classname="runner.HRISPendingSpvRunner" name="runScenario" time="12.529">
    <failure message="expected [Karyawan ini sudah pernah diganti. Mohon ajukan karyawan yang lain.] but found [Alert is Not Displayed]" type="java.lang.AssertionError">
      <![CDATA[java.lang.AssertionError: expected [Karyawan ini sudah pernah diganti. Mohon ajukan karyawan yang lain.] but found [Alert is Not Displayed]
at org.testng.Assert.fail(Assert.java:110)
at org.testng.Assert.failNotEquals(Assert.java:1413)
at org.testng.Assert.assertEqualsImpl(Assert.java:149)
at org.testng.Assert.assertEquals(Assert.java:131)
at org.testng.Assert.assertEquals(Assert.java:655)
at org.testng.Assert.assertEquals(Assert.java:665)
at definitions.RequestStaff.PendingSPVDefine.Nikterdaftar(PendingSPVDefine.java:204)
at ✽.User input tujuan, NIK D6180209, posisi, jumlah orang 1, mulai kerja, lokasi kerja, kota kerja, input detail lokasi Jl. Satu Dua, deskripsi pekerjaan test(file:///D:/2022/eclipse-workspace/hris-employee/src/test/resources/features/HRISPendingSPV.feature:57)
]]>
    </failure>
  </testcase> <!-- runScenario -->
  <system-out/>
  <testcase classname="runner.HRISPendingSpvRunner" name="runScenario" time="30.596"/>
  <system-out/>
  <testcase classname="runner.HRISPendingSpvRunner" name="runScenario" time="28.435"/>
  <system-out/>
  <testcase classname="runner.HRISPendingSpvRunner" name="runScenario" time="31.242"/>
  <system-out/>
  <testcase classname="runner.HRISPendingSpvRunner" name="runScenario" time="30.035"/>
  <system-out/>
  <testcase classname="runner.HRISPendingSpvRunner" name="runScenario" time="32.587"/>
  <system-out/>
  <testcase classname="runner.HRISPendingSpvRunner" name="runScenario" time="29.605"/>
  <system-out/>
  <testcase classname="runner.HRISPendingSpvRunner" name="runScenario" time="17.390">
    <failure message="expected [Karyawan ini sudah pernah diganti. Mohon ajukan karyawan yang lain.] but found [Alert is Not Displayed]" type="java.lang.AssertionError">
      <![CDATA[java.lang.AssertionError: expected [Karyawan ini sudah pernah diganti. Mohon ajukan karyawan yang lain.] but found [Alert is Not Displayed]
at org.testng.Assert.fail(Assert.java:110)
at org.testng.Assert.failNotEquals(Assert.java:1413)
at org.testng.Assert.assertEqualsImpl(Assert.java:149)
at org.testng.Assert.assertEquals(Assert.java:131)
at org.testng.Assert.assertEquals(Assert.java:655)
at org.testng.Assert.assertEquals(Assert.java:665)
at definitions.RequestStaff.PendingSPVDefine.Nikterdaftar(PendingSPVDefine.java:204)
at ✽.User input tujuan, NIK D6180209, posisi, jumlah orang 1, mulai kerja, lokasi kerja, kota kerja, input detail lokasi Jl. Satu Dua, deskripsi pekerjaan test(file:///D:/2022/eclipse-workspace/hris-employee/src/test/resources/features/HRISPendingSPV.feature:328)
]]>
    </failure>
  </testcase> <!-- runScenario -->
  <system-out/>
  <testcase classname="runner.HRISPendingSpvRunner" name="runScenario" time="14.525"/>
  <system-out/>
  <testcase classname="runner.HRISPendingSpvRunner" name="runScenario" time="29.990"/>
  <system-out/>
  <testcase classname="runner.HRISPendingSpvRunner" name="runScenario" time="29.314"/>
  <system-out/>
  <testcase classname="runner.HRISPendingSpvRunner" name="runScenario" time="29.944"/>
  <system-out/>
  <testcase classname="runner.HRISPendingSpvRunner" name="runScenario" time="15.369">
    <failure message="expected [Karyawan ini sudah pernah diganti. Mohon ajukan karyawan yang lain.] but found [Alert is Not Displayed]" type="java.lang.AssertionError">
      <![CDATA[java.lang.AssertionError: expected [Karyawan ini sudah pernah diganti. Mohon ajukan karyawan yang lain.] but found [Alert is Not Displayed]
at org.testng.Assert.fail(Assert.java:110)
at org.testng.Assert.failNotEquals(Assert.java:1413)
at org.testng.Assert.assertEqualsImpl(Assert.java:149)
at org.testng.Assert.assertEquals(Assert.java:131)
at org.testng.Assert.assertEquals(Assert.java:655)
at org.testng.Assert.assertEquals(Assert.java:665)
at definitions.RequestStaff.PendingSPVDefine.Nikterdaftar(PendingSPVDefine.java:204)
at ✽.User input tujuan, NIK D6180209, posisi, jumlah orang 1, mulai kerja, lokasi kerja, kota kerja, input detail lokasi Jl. Satu Dua, deskripsi pekerjaan test(file:///D:/2022/eclipse-workspace/hris-employee/src/test/resources/features/HRISPendingSPV.feature:276)
]]>
    </failure>
  </testcase> <!-- runScenario -->
  <system-out/>
  <testcase classname="runner.HRISPendingSpvRunner" name="runScenario" time="24.637"/>
  <system-out/>
  <testcase classname="runner.HRISPendingSpvRunner" name="runScenario" time="31.083"/>
  <system-out/>
  <testcase classname="runner.HRISPendingSpvRunner" name="runScenario" time="29.927"/>
  <system-out/>
</testsuite> <!-- runner.HRISPendingSpvRunner -->
